{"/Users/kevinisom/Projects/kevnz/creature-features/index.js": {"path":"/Users/kevinisom/Projects/kevnz/creature-features/index.js","statementMap":{"0":{"start":{"line":1,"column":13},"end":{"line":1,"column":28}},"1":{"start":{"line":2,"column":11},"end":{"line":2,"column":24}},"2":{"start":{"line":3,"column":14},"end":{"line":3,"column":51}},"3":{"start":{"line":4,"column":16},"end":{"line":4,"column":35}},"4":{"start":{"line":5,"column":15},"end":{"line":5,"column":41}},"5":{"start":{"line":6,"column":15},"end":{"line":6,"column":28}},"6":{"start":{"line":8,"column":0},"end":{"line":123,"column":1}},"7":{"start":{"line":12,"column":17},"end":{"line":14,"column":3}},"8":{"start":{"line":16,"column":19},"end":{"line":16,"column":54}},"9":{"start":{"line":17,"column":2},"end":{"line":25,"column":3}},"10":{"start":{"line":18,"column":4},"end":{"line":18,"column":47}},"11":{"start":{"line":20,"column":4},"end":{"line":24,"column":5}},"12":{"start":{"line":21,"column":6},"end":{"line":21,"column":18}},"13":{"start":{"line":23,"column":6},"end":{"line":23,"column":58}},"14":{"start":{"line":27,"column":2},"end":{"line":31,"column":15}},"15":{"start":{"line":32,"column":2},"end":{"line":36,"column":16}},"16":{"start":{"line":38,"column":22},"end":{"line":38,"column":24}},"17":{"start":{"line":39,"column":2},"end":{"line":39,"column":34}},"18":{"start":{"line":40,"column":2},"end":{"line":42,"column":3}},"19":{"start":{"line":41,"column":4},"end":{"line":41,"column":36}},"20":{"start":{"line":44,"column":2},"end":{"line":55,"column":3}},"21":{"start":{"line":46,"column":18},"end":{"line":46,"column":72}},"22":{"start":{"line":47,"column":4},"end":{"line":54,"column":5}},"23":{"start":{"line":47,"column":17},"end":{"line":47,"column":18}},"24":{"start":{"line":48,"column":6},"end":{"line":53,"column":7}},"25":{"start":{"line":52,"column":8},"end":{"line":52,"column":78}},"26":{"start":{"line":57,"column":27},"end":{"line":61,"column":6}},"27":{"start":{"line":58,"column":19},"end":{"line":58,"column":28}},"28":{"start":{"line":60,"column":6},"end":{"line":60,"column":26}},"29":{"start":{"line":63,"column":16},"end":{"line":65,"column":8}},"30":{"start":{"line":64,"column":4},"end":{"line":64,"column":34}},"31":{"start":{"line":66,"column":23},"end":{"line":120,"column":4}},"32":{"start":{"line":68,"column":6},"end":{"line":72,"column":7}},"33":{"start":{"line":69,"column":8},"end":{"line":69,"column":50}},"34":{"start":{"line":69,"column":38},"end":{"line":69,"column":50}},"35":{"start":{"line":70,"column":8},"end":{"line":70,"column":45}},"36":{"start":{"line":71,"column":8},"end":{"line":71,"column":20}},"37":{"start":{"line":74,"column":6},"end":{"line":76,"column":7}},"38":{"start":{"line":75,"column":8},"end":{"line":75,"column":24}},"39":{"start":{"line":77,"column":6},"end":{"line":88,"column":7}},"40":{"start":{"line":79,"column":22},"end":{"line":82,"column":9}},"41":{"start":{"line":80,"column":33},"end":{"line":80,"column":51}},"42":{"start":{"line":83,"column":8},"end":{"line":85,"column":9}},"43":{"start":{"line":84,"column":10},"end":{"line":84,"column":56}},"44":{"start":{"line":86,"column":22},"end":{"line":86,"column":57}},"45":{"start":{"line":86,"column":49},"end":{"line":86,"column":56}},"46":{"start":{"line":87,"column":8},"end":{"line":87,"column":34}},"47":{"start":{"line":90,"column":6},"end":{"line":115,"column":9}},"48":{"start":{"line":91,"column":8},"end":{"line":115,"column":9}},"49":{"start":{"line":93,"column":12},"end":{"line":103,"column":13}},"50":{"start":{"line":94,"column":28},"end":{"line":97,"column":36}},"51":{"start":{"line":99,"column":29},"end":{"line":99,"column":48}},"52":{"start":{"line":100,"column":29},"end":{"line":100,"column":37}},"53":{"start":{"line":102,"column":14},"end":{"line":102,"column":27}},"54":{"start":{"line":104,"column":26},"end":{"line":107,"column":34}},"55":{"start":{"line":108,"column":27},"end":{"line":108,"column":46}},"56":{"start":{"line":109,"column":27},"end":{"line":109,"column":35}},"57":{"start":{"line":111,"column":12},"end":{"line":111,"column":25}},"58":{"start":{"line":118,"column":6},"end":{"line":118,"column":51}},"59":{"start":{"line":122,"column":2},"end":{"line":122,"column":21}}},"fnMap":{"0":{"name":"(anonymous_0)","decl":{"start":{"line":8,"column":17},"end":{"line":8,"column":18}},"loc":{"start":{"line":8,"column":35},"end":{"line":123,"column":1}},"line":8},"1":{"name":"(anonymous_1)","decl":{"start":{"line":58,"column":12},"end":{"line":58,"column":13}},"loc":{"start":{"line":58,"column":19},"end":{"line":58,"column":28}},"line":58},"2":{"name":"(anonymous_2)","decl":{"start":{"line":59,"column":9},"end":{"line":59,"column":10}},"loc":{"start":{"line":59,"column":25},"end":{"line":61,"column":5}},"line":59},"3":{"name":"(anonymous_3)","decl":{"start":{"line":63,"column":40},"end":{"line":63,"column":41}},"loc":{"start":{"line":63,"column":59},"end":{"line":65,"column":3}},"line":63},"4":{"name":"(anonymous_4)","decl":{"start":{"line":67,"column":9},"end":{"line":67,"column":10}},"loc":{"start":{"line":67,"column":24},"end":{"line":116,"column":5}},"line":67},"5":{"name":"(anonymous_5)","decl":{"start":{"line":80,"column":10},"end":{"line":80,"column":11}},"loc":{"start":{"line":80,"column":33},"end":{"line":80,"column":51}},"line":80},"6":{"name":"(anonymous_6)","decl":{"start":{"line":86,"column":42},"end":{"line":86,"column":43}},"loc":{"start":{"line":86,"column":49},"end":{"line":86,"column":56}},"line":86},"7":{"name":"(anonymous_7)","decl":{"start":{"line":90,"column":13},"end":{"line":90,"column":14}},"loc":{"start":{"line":91,"column":8},"end":{"line":115,"column":9}},"line":91},"8":{"name":"(anonymous_8)","decl":{"start":{"line":92,"column":10},"end":{"line":92,"column":11}},"loc":{"start":{"line":92,"column":23},"end":{"line":112,"column":11}},"line":92},"9":{"name":"(anonymous_9)","decl":{"start":{"line":117,"column":9},"end":{"line":117,"column":10}},"loc":{"start":{"line":117,"column":15},"end":{"line":119,"column":5}},"line":117}},"branchMap":{"0":{"loc":{"start":{"line":17,"column":2},"end":{"line":25,"column":3}},"type":"if","locations":[{"start":{"line":17,"column":2},"end":{"line":25,"column":3}},{"start":{"line":17,"column":2},"end":{"line":25,"column":3}}],"line":17},"1":{"loc":{"start":{"line":18,"column":10},"end":{"line":18,"column":47}},"type":"binary-expr","locations":[{"start":{"line":18,"column":10},"end":{"line":18,"column":30}},{"start":{"line":18,"column":34},"end":{"line":18,"column":47}}],"line":18},"2":{"loc":{"start":{"line":20,"column":4},"end":{"line":24,"column":5}},"type":"if","locations":[{"start":{"line":20,"column":4},"end":{"line":24,"column":5}},{"start":{"line":20,"column":4},"end":{"line":24,"column":5}}],"line":20},"3":{"loc":{"start":{"line":23,"column":12},"end":{"line":23,"column":58}},"type":"cond-expr","locations":[{"start":{"line":23,"column":25},"end":{"line":23,"column":35}},{"start":{"line":23,"column":38},"end":{"line":23,"column":58}}],"line":23},"4":{"loc":{"start":{"line":28,"column":4},"end":{"line":30,"column":31}},"type":"cond-expr","locations":[{"start":{"line":29,"column":8},"end":{"line":29,"column":25}},{"start":{"line":30,"column":8},"end":{"line":30,"column":31}}],"line":28},"5":{"loc":{"start":{"line":33,"column":4},"end":{"line":35,"column":31}},"type":"cond-expr","locations":[{"start":{"line":34,"column":8},"end":{"line":34,"column":25}},{"start":{"line":35,"column":8},"end":{"line":35,"column":31}}],"line":33},"6":{"loc":{"start":{"line":40,"column":2},"end":{"line":42,"column":3}},"type":"if","locations":[{"start":{"line":40,"column":2},"end":{"line":42,"column":3}},{"start":{"line":40,"column":2},"end":{"line":42,"column":3}}],"line":40},"7":{"loc":{"start":{"line":40,"column":6},"end":{"line":40,"column":62}},"type":"binary-expr","locations":[{"start":{"line":40,"column":6},"end":{"line":40,"column":38}},{"start":{"line":40,"column":42},"end":{"line":40,"column":62}}],"line":40},"8":{"loc":{"start":{"line":44,"column":2},"end":{"line":55,"column":3}},"type":"if","locations":[{"start":{"line":44,"column":2},"end":{"line":55,"column":3}},{"start":{"line":44,"column":2},"end":{"line":55,"column":3}}],"line":44},"9":{"loc":{"start":{"line":48,"column":6},"end":{"line":53,"column":7}},"type":"if","locations":[{"start":{"line":48,"column":6},"end":{"line":53,"column":7}},{"start":{"line":48,"column":6},"end":{"line":53,"column":7}}],"line":48},"10":{"loc":{"start":{"line":49,"column":8},"end":{"line":50,"column":39}},"type":"binary-expr","locations":[{"start":{"line":49,"column":8},"end":{"line":49,"column":45}},{"start":{"line":50,"column":8},"end":{"line":50,"column":39}}],"line":49},"11":{"loc":{"start":{"line":68,"column":6},"end":{"line":72,"column":7}},"type":"if","locations":[{"start":{"line":68,"column":6},"end":{"line":72,"column":7}},{"start":{"line":68,"column":6},"end":{"line":72,"column":7}}],"line":68},"12":{"loc":{"start":{"line":69,"column":8},"end":{"line":69,"column":50}},"type":"if","locations":[{"start":{"line":69,"column":8},"end":{"line":69,"column":50}},{"start":{"line":69,"column":8},"end":{"line":69,"column":50}}],"line":69},"13":{"loc":{"start":{"line":74,"column":6},"end":{"line":76,"column":7}},"type":"if","locations":[{"start":{"line":74,"column":6},"end":{"line":76,"column":7}},{"start":{"line":74,"column":6},"end":{"line":76,"column":7}}],"line":74},"14":{"loc":{"start":{"line":74,"column":10},"end":{"line":74,"column":51}},"type":"binary-expr","locations":[{"start":{"line":74,"column":10},"end":{"line":74,"column":28}},{"start":{"line":74,"column":32},"end":{"line":74,"column":51}}],"line":74},"15":{"loc":{"start":{"line":77,"column":6},"end":{"line":88,"column":7}},"type":"if","locations":[{"start":{"line":77,"column":6},"end":{"line":88,"column":7}},{"start":{"line":77,"column":6},"end":{"line":88,"column":7}}],"line":77},"16":{"loc":{"start":{"line":83,"column":8},"end":{"line":85,"column":9}},"type":"if","locations":[{"start":{"line":83,"column":8},"end":{"line":85,"column":9}},{"start":{"line":83,"column":8},"end":{"line":85,"column":9}}],"line":83},"17":{"loc":{"start":{"line":93,"column":12},"end":{"line":103,"column":13}},"type":"if","locations":[{"start":{"line":93,"column":12},"end":{"line":103,"column":13}},{"start":{"line":93,"column":12},"end":{"line":103,"column":13}}],"line":93},"18":{"loc":{"start":{"line":93,"column":16},"end":{"line":93,"column":64}},"type":"binary-expr","locations":[{"start":{"line":93,"column":16},"end":{"line":93,"column":33}},{"start":{"line":93,"column":37},"end":{"line":93,"column":64}}],"line":93}},"s":{"0":4,"1":4,"2":4,"3":4,"4":4,"5":4,"6":4,"7":22,"8":22,"9":22,"10":5,"11":17,"12":3,"13":14,"14":22,"15":22,"16":22,"17":22,"18":22,"19":14,"20":22,"21":12,"22":12,"23":12,"24":60,"25":12,"26":22,"27":48,"28":48,"29":22,"30":48,"31":22,"32":12045,"33":5,"34":1,"35":4,"36":4,"37":12040,"38":32,"39":12008,"40":12002,"41":24004,"42":12002,"43":2,"44":12000,"45":24000,"46":12000,"47":6,"48":6,"49":6,"50":2,"51":2,"52":2,"53":2,"54":4,"55":4,"56":4,"57":4,"58":1,"59":22},"f":{"0":22,"1":48,"2":48,"3":48,"4":12045,"5":24004,"6":24000,"7":6,"8":6,"9":1},"b":{"0":[5,17],"1":[5,1],"2":[3,14],"3":[1,13],"4":[12,10],"5":[12,10],"6":[14,8],"7":[22,22],"8":[12,10],"9":[12,48],"10":[60,24],"11":[5,12040],"12":[1,4],"13":[32,12008],"14":[12040,12016],"15":[12002,6],"16":[2,12000],"17":[2,4],"18":[6,6]},"_coverageSchema":"1a1c01bbd47fc00a2c39e90264f33305004495a9","hash":"53095d9f74646502db18e40ec8cbadbbf0c68a01"}
}
