TN:
SF:/Users/t826308/Projects/kevnz/creature-features/index.js
FN:8,(anonymous_0)
FN:58,(anonymous_1)
FN:59,(anonymous_2)
FN:63,(anonymous_3)
FN:67,(anonymous_4)
FN:80,(anonymous_5)
FN:86,(anonymous_6)
FN:90,(anonymous_7)
FN:92,(anonymous_8)
FN:117,(anonymous_9)
FNF:10
FNH:10
FNDA:22,(anonymous_0)
FNDA:48,(anonymous_1)
FNDA:48,(anonymous_2)
FNDA:48,(anonymous_3)
FNDA:12045,(anonymous_4)
FNDA:24004,(anonymous_5)
FNDA:24000,(anonymous_6)
FNDA:6,(anonymous_7)
FNDA:6,(anonymous_8)
FNDA:1,(anonymous_9)
DA:1,4
DA:2,4
DA:3,4
DA:4,4
DA:5,4
DA:6,4
DA:8,4
DA:12,22
DA:16,22
DA:17,22
DA:18,5
DA:20,17
DA:21,3
DA:23,14
DA:27,22
DA:32,22
DA:38,22
DA:39,22
DA:40,22
DA:41,14
DA:44,22
DA:46,12
DA:47,12
DA:48,60
DA:52,12
DA:57,22
DA:58,48
DA:60,48
DA:63,22
DA:64,48
DA:66,22
DA:68,12045
DA:69,5
DA:70,4
DA:71,4
DA:74,12040
DA:75,32
DA:77,12008
DA:79,12002
DA:80,24004
DA:83,12002
DA:84,2
DA:86,24000
DA:87,12000
DA:90,6
DA:91,6
DA:93,6
DA:94,2
DA:99,2
DA:100,2
DA:102,2
DA:104,4
DA:108,4
DA:109,4
DA:111,4
DA:118,1
DA:122,22
LF:57
LH:57
BRDA:17,0,0,5
BRDA:17,0,1,17
BRDA:18,1,0,5
BRDA:18,1,1,1
BRDA:20,2,0,3
BRDA:20,2,1,14
BRDA:23,3,0,1
BRDA:23,3,1,13
BRDA:28,4,0,12
BRDA:28,4,1,10
BRDA:33,5,0,12
BRDA:33,5,1,10
BRDA:40,6,0,14
BRDA:40,6,1,8
BRDA:40,7,0,22
BRDA:40,7,1,22
BRDA:44,8,0,12
BRDA:44,8,1,10
BRDA:48,9,0,12
BRDA:48,9,1,48
BRDA:49,10,0,60
BRDA:49,10,1,24
BRDA:68,11,0,5
BRDA:68,11,1,12040
BRDA:69,12,0,1
BRDA:69,12,1,4
BRDA:74,13,0,32
BRDA:74,13,1,12008
BRDA:74,14,0,12040
BRDA:74,14,1,12016
BRDA:77,15,0,12002
BRDA:77,15,1,6
BRDA:83,16,0,2
BRDA:83,16,1,12000
BRDA:93,17,0,2
BRDA:93,17,1,4
BRDA:93,18,0,6
BRDA:93,18,1,6
BRF:38
BRH:38
end_of_record
