TN:
SF:/Users/t826308/Projects/kevnz/creature-features/index.js
FN:8,(anonymous_0)
FN:58,(anonymous_1)
FN:59,(anonymous_2)
FN:63,(anonymous_3)
FN:67,(anonymous_4)
FN:80,(anonymous_5)
FN:86,(anonymous_6)
FN:90,(anonymous_7)
FN:92,(anonymous_8)
FN:117,(anonymous_9)
FNF:10
FNH:10
FNDA:24,(anonymous_0)
FNDA:50,(anonymous_1)
FNDA:50,(anonymous_2)
FNDA:50,(anonymous_3)
FNDA:20047,(anonymous_4)
FNDA:24004,(anonymous_5)
FNDA:24000,(anonymous_6)
FNDA:8008,(anonymous_7)
FNDA:8008,(anonymous_8)
FNDA:1,(anonymous_9)
DA:1,5
DA:2,5
DA:3,5
DA:4,5
DA:5,5
DA:6,5
DA:8,5
DA:12,24
DA:16,24
DA:17,24
DA:18,5
DA:20,19
DA:21,3
DA:23,16
DA:27,24
DA:32,24
DA:38,24
DA:39,24
DA:40,24
DA:41,14
DA:44,24
DA:46,12
DA:47,12
DA:48,60
DA:52,12
DA:57,24
DA:58,50
DA:60,50
DA:63,24
DA:64,50
DA:66,24
DA:68,20047
DA:69,5
DA:70,4
DA:71,4
DA:74,20042
DA:75,32
DA:77,20010
DA:79,12002
DA:80,24004
DA:83,12002
DA:84,2
DA:86,24000
DA:87,12000
DA:90,8008
DA:91,8008
DA:93,8008
DA:94,8004
DA:99,8004
DA:100,8004
DA:102,8004
DA:104,4
DA:108,4
DA:109,4
DA:111,4
DA:118,1
DA:122,24
LF:57
LH:57
BRDA:17,0,0,5
BRDA:17,0,1,19
BRDA:18,1,0,5
BRDA:18,1,1,1
BRDA:20,2,0,3
BRDA:20,2,1,16
BRDA:23,3,0,1
BRDA:23,3,1,15
BRDA:28,4,0,12
BRDA:28,4,1,12
BRDA:33,5,0,12
BRDA:33,5,1,12
BRDA:40,6,0,14
BRDA:40,6,1,10
BRDA:40,7,0,24
BRDA:40,7,1,24
BRDA:44,8,0,12
BRDA:44,8,1,12
BRDA:48,9,0,12
BRDA:48,9,1,48
BRDA:49,10,0,60
BRDA:49,10,1,24
BRDA:68,11,0,5
BRDA:68,11,1,20042
BRDA:69,12,0,1
BRDA:69,12,1,4
BRDA:74,13,0,32
BRDA:74,13,1,20010
BRDA:74,14,0,20042
BRDA:74,14,1,20018
BRDA:77,15,0,12002
BRDA:77,15,1,8008
BRDA:83,16,0,2
BRDA:83,16,1,12000
BRDA:93,17,0,8004
BRDA:93,17,1,4
BRDA:93,18,0,8008
BRDA:93,18,1,8008
BRF:38
BRH:38
end_of_record
